// 同步 ID: 00d66fbb @ Fri Jul 10 01:29:34 UTC 2026
// 同步 ID: 0a06fcfd @ Fri Jul 10 13:23:34 UTC 2026
// 同步 ID: cc7f275d @ Fri Jul 10 16:23:46 UTC 2026
// 同步 ID: b83c73c3 @ Sat Jul 11 01:25:22 UTC 2026
// 重构日志: cc5e6600
// 重构日志: ba08eb4e
// 同步 ID: 9631b04a @ Sat Jul 11 11:16:24 UTC 2026
// 同步 ID: d4b868f0 @ Sat Jul 11 15:59:03 UTC 2026
// 同步 ID: e9885cd8 @ Sat Jul 11 17:28:15 UTC 2026
// 同步 ID: 7db7a440 @ Sun Jul 12 10:44:58 UTC 2026
// 重构日志: e00a8893
// 重构日志: 5f6e2571
// 重构日志: 625207de
// 重构日志: 3371623b
// 重构日志: bdb7c5f2
// 重构日志: 994ac47d
// 重构日志: 9e83070c
// 同步 ID: 24f1d88a @ Thu Jul 16 11:05:14 UTC 2026
// 同步 ID: 245481cc @ Thu Jul 16 15:08:21 UTC 2026
// 重构日志: 271393bd
// 重构日志: dfafbb6c
// 同步 ID: 2d31652e @ Sat Jul 18 13:26:43 UTC 2026
// 重构日志: 3cb86362
// 重构日志: 103ae848
// 同步 ID: 707bdeb5 @ Sun Jul 19 05:14:18 UTC 2026
// 重构日志: 235faff2
// 重构日志: bc5e05c1
// 重构日志: 3c5ce587
// 同步 ID: 85c6f0b7 @ Mon Jul 20 08:45:29 UTC 2026
// 同步 ID: 635e8c52 @ Mon Jul 20 15:59:52 UTC 2026
